# JRE version: Java(TM) SE Runtime Environment (21.0.5+9) (build 21.0.5+9-LTS-239)
# Java VM: Java HotSpot(TM) 64-Bit Server VM (21.0.5+9-LTS-239, mixed mode, sharing, tiered, compressed oops, compressed class ptrs, g1 gc, windows-amd64)
GC Precious Log:
 CardTable entry size: 512
 Card Set container configuration: InlinePtr #cards 4 size 8 Array Of Cards #cards 32 size 80 Howl #buckets 8 coarsen threshold 7372 Howl Bitmap #cards 1024 size 144 coarsen threshold 921 Card regions per heap region 1 cards per card region 8192
 CPUs: 12 total, 12 available
 Memory: 23933M
 Large Page Support: Disabled
 NUMA Support: Disabled
 Compressed Oops: Enabled (Zero based)
 Heap Region Size: 4M
 Heap Min Capacity: 8M
 Heap Initial Capacity: 376M
 Heap Max Capacity: 5984M
 Pre-touch: Disabled
 Parallel Workers: 10
 Concurrent Workers: 3
 Concurrent Refinement Workers: 10
 Periodic GC: Disabled
Heap:
 garbage-first heap   total 385024K, used 204190K [0x000000068a000000, 0x0000000800000000)
  region size 4096K, 28 young (114688K), 1 survivors (4096K)
 Metaspace       used 16009K, committed 16320K, reserved 1114112K
  class space    used 1604K, committed 1792K, reserved 1048576K
GC Heap History (20 events):
Event: 30.119 GC heap before
{Heap before GC invocations=3 (full 0):
 garbage-first heap   total 385024K, used 298164K [0x000000068a000000, 0x0000000800000000)
  region size 4096K, 56 young (229376K), 1 survivors (4096K)
 Metaspace       used 12326K, committed 12672K, reserved 1114112K
  class space    used 1476K, committed 1664K, reserved 1048576K
}
Event: 30.121 GC heap after
{Heap after GC invocations=4 (full 0):
 garbage-first heap   total 385024K, used 60592K [0x000000068a000000, 0x0000000800000000)
  region size 4096K, 1 young (4096K), 1 survivors (4096K)
 Metaspace       used 12326K, committed 12672K, reserved 1114112K
  class space    used 1476K, committed 1664K, reserved 1048576K
}
Event: 149.938 GC heap before
{Heap before GC invocations=4 (full 0):
 garbage-first heap   total 385024K, used 339120K [0x000000068a000000, 0x0000000800000000)
  region size 4096K, 56 young (229376K), 1 survivors (4096K)
 Metaspace       used 12889K, committed 13184K, reserved 1114112K
  class space    used 1494K, committed 1664K, reserved 1048576K
}
Event: 149.939 GC heap after
{Heap after GC invocations=5 (full 0):
 garbage-first heap   total 385024K, used 77074K [0x000000068a000000, 0x0000000800000000)
  region size 4096K, 1 young (4096K), 1 survivors (4096K)
 Metaspace       used 12889K, committed 13184K, reserved 1114112K
  class space    used 1494K, committed 1664K, reserved 1048576K
}
Event: 235.306 GC heap before
{Heap before GC invocations=5 (full 0):
 garbage-first heap   total 385024K, used 359698K [0x000000068a000000, 0x0000000800000000)
  region size 4096K, 56 young (229376K), 1 survivors (4096K)
 Metaspace       used 12993K, committed 13312K, reserved 1114112K
  class space    used 1494K, committed 1664K, reserved 1048576K
}
Event: 235.307 GC heap after
{Heap after GC invocations=6 (full 0):
 garbage-first heap   total 385024K, used 85288K [0x000000068a000000, 0x0000000800000000)
  region size 4096K, 1 young (4096K), 1 survivors (4096K)
 Metaspace       used 12993K, committed 13312K, reserved 1114112K
  class space    used 1494K, committed 1664K, reserved 1048576K
}
Event: 390.192 GC heap before
{Heap before GC invocations=6 (full 0):
 garbage-first heap   total 385024K, used 363816K [0x000000068a000000, 0x0000000800000000)
  region size 4096K, 56 young (229376K), 1 survivors (4096K)
 Metaspace       used 13181K, committed 13504K, reserved 1114112K
  class space    used 1494K, committed 1664K, reserved 1048576K
}
Event: 390.193 GC heap after
{Heap after GC invocations=7 (full 0):
 garbage-first heap   total 385024K, used 81193K [0x000000068a000000, 0x0000000800000000)
  region size 4096K, 1 young (4096K), 1 survivors (4096K)
 Metaspace       used 13181K, committed 13504K, reserved 1114112K
  class space    used 1494K, committed 1664K, reserved 1048576K
}
Event: 485.696 GC heap before
{Heap before GC invocations=7 (full 0):
 garbage-first heap   total 385024K, used 363817K [0x000000068a000000, 0x0000000800000000)
  region size 4096K, 56 young (229376K), 1 survivors (4096K)
 Metaspace       used 13319K, committed 13632K, reserved 1114112K
  class space    used 1495K, committed 1664K, reserved 1048576K
}
Event: 485.697 GC heap after
{Heap after GC invocations=8 (full 0):
 garbage-first heap   total 385024K, used 81169K [0x000000068a000000, 0x0000000800000000)
  region size 4096K, 1 young (4096K), 1 survivors (4096K)
 Metaspace       used 13319K, committed 13632K, reserved 1114112K
  class space    used 1495K, committed 1664K, reserved 1048576K
}
Event: 602.284 GC heap before
{Heap before GC invocations=8 (full 0):
 garbage-first heap   total 385024K, used 363793K [0x000000068a000000, 0x0000000800000000)
  region size 4096K, 56 young (229376K), 1 survivors (4096K)
 Metaspace       used 13446K, committed 13760K, reserved 1114112K
  class space    used 1495K, committed 1664K, reserved 1048576K
}
Event: 602.286 GC heap after
{Heap after GC invocations=9 (full 0):
 garbage-first heap   total 385024K, used 85299K [0x000000068a000000, 0x0000000800000000)
  region size 4096K, 1 young (4096K), 1 survivors (4096K)
 Metaspace       used 13446K, committed 13760K, reserved 1114112K
  class space    used 1495K, committed 1664K, reserved 1048576K
}
Event: 679.799 GC heap before
{Heap before GC invocations=9 (full 0):
 garbage-first heap   total 385024K, used 363827K [0x000000068a000000, 0x0000000800000000)
  region size 4096K, 56 young (229376K), 1 survivors (4096K)
 Metaspace       used 13489K, committed 13760K, reserved 1114112K
  class space    used 1495K, committed 1664K, reserved 1048576K
}
Event: 679.800 GC heap after
{Heap after GC invocations=10 (full 0):
 garbage-first heap   total 385024K, used 72980K [0x000000068a000000, 0x0000000800000000)
  region size 4096K, 1 young (4096K), 1 survivors (4096K)
 Metaspace       used 13489K, committed 13760K, reserved 1114112K
  class space    used 1495K, committed 1664K, reserved 1048576K
}
Event: 775.541 GC heap before
{Heap before GC invocations=10 (full 0):
 garbage-first heap   total 385024K, used 355604K [0x000000068a000000, 0x0000000800000000)
  region size 4096K, 56 young (229376K), 1 survivors (4096K)
 Metaspace       used 13522K, committed 13824K, reserved 1114112K
  class space    used 1495K, committed 1664K, reserved 1048576K
}
Event: 775.542 GC heap after
{Heap after GC invocations=11 (full 0):
 garbage-first heap   total 385024K, used 81211K [0x000000068a000000, 0x0000000800000000)
  region size 4096K, 1 young (4096K), 1 survivors (4096K)
 Metaspace       used 13522K, committed 13824K, reserved 1114112K
  class space    used 1495K, committed 1664K, reserved 1048576K
}
Event: 903.468 GC heap before
{Heap before GC invocations=11 (full 0):
 garbage-first heap   total 385024K, used 363835K [0x000000068a000000, 0x0000000800000000)
  region size 4096K, 56 young (229376K), 1 survivors (4096K)
 Metaspace       used 13613K, committed 13952K, reserved 1114112K
  class space    used 1497K, committed 1664K, reserved 1048576K
}
Event: 903.469 GC heap after
{Heap after GC invocations=12 (full 0):
 garbage-first heap   total 385024K, used 89474K [0x000000068a000000, 0x0000000800000000)
  region size 4096K, 1 young (4096K), 1 survivors (4096K)
 Metaspace       used 13613K, committed 13952K, reserved 1114112K
  class space    used 1497K, committed 1664K, reserved 1048576K
}
Event: 1011.513 GC heap before
{Heap before GC invocations=12 (full 0):
 garbage-first heap   total 385024K, used 372098K [0x000000068a000000, 0x0000000800000000)
  region size 4096K, 56 young (229376K), 1 survivors (4096K)
 Metaspace       used 13658K, committed 13952K, reserved 1114112K
  class space    used 1497K, committed 1664K, reserved 1048576K
}
Event: 1011.514 GC heap after
{Heap after GC invocations=13 (full 0):
 garbage-first heap   total 385024K, used 81310K [0x000000068a000000, 0x0000000800000000)
  region size 4096K, 1 young (4096K), 1 survivors (4096K)
 Metaspace       used 13658K, committed 13952K, reserved 1114112K
  class space    used 1497K, committed 1664K, reserved 1048576K
}

